<?xml version="1.0" encoding="UTF-8"?>
<!-- Generated by org.testng.reporters.JUnitXMLReporter -->
<testsuite hostname="Hiens-MacBook-Pro.local" ignored="2" name="Amazon - Search function" tests="4" failures="1" timestamp="2020-09-30T21:07:05 ICT" time="8.664" errors="0">
  <testcase name="launch" time="2.911" classname="tests.TC003_Search_Validate_Search_Result_Pagination"/>
  <testcase name="searchWithoutSort" time="2.76" classname="tests.TC003_Search_Validate_Search_Result_Pagination"/>
  <testcase name="launch" time="0.0" classname="tests.TC004_Search_Validate_Search_Result_Sort">
    <failure type="java.lang.NullPointerException">
      <![CDATA[java.lang.NullPointerException
at tests.TC004_Search_Validate_Search_Result_Sort.launch(TC004_Search_Validate_Search_Result_Sort.java:14)
at java.util.ArrayList.forEach(ArrayList.java:1257)
... Removed 31 stack frames]]>
    </failure>
  </testcase> <!-- launch -->
  <testcase name="searchWithoutSort" time="0.0" classname="tests.TC004_Search_Validate_Search_Result_Sort">
    <skipped/>
  </testcase> <!-- searchWithoutSort -->
  <testcase name="@BeforeTest setup" time="0.0" classname="tests.AbstractTest">
    <ignored/>
  </testcase> <!-- @BeforeTest setup -->
  <testcase name="@AfterTest teardown" time="0.0" classname="tests.AbstractTest">
    <ignored/>
  </testcase> <!-- @AfterTest teardown -->
</testsuite> <!-- Amazon - Search function -->
