-------------------------------------------------------------------------------
Test set: TestSuite
-------------------------------------------------------------------------------
Tests run: 4, Failures: 1, Errors: 0, Skipped: 1, Time elapsed: 8.975 s <<< FAILURE! - in TestSuite
launch(tests.TC004_Search_Validate_Search_Result_Sort)  Time elapsed: 0.007 s  <<< FAILURE!
java.lang.NullPointerException
	at tests.TC004_Search_Validate_Search_Result_Sort.launch(TC004_Search_Validate_Search_Result_Sort.java:14)

