<?xml version="1.0" encoding="UTF-8"?>
<testsuite xmlns:xsi="http://www.w3.org/2001/XMLSchema-instance" xsi:noNamespaceSchemaLocation="https://maven.apache.org/surefire/maven-surefire-plugin/xsd/surefire-test-report.xsd" name="TestSuite" time="8.975" tests="4" errors="0" skipped="1" failures="1">
  <properties>
[...]
</properties>
  <testcase name="launch" classname="tests.TC003_Search_Validate_Search_Result_Pagination" time="2.913"/>
  <testcase name="searchWithoutSort" classname="tests.TC003_Search_Validate_Search_Result_Pagination" time="2.76"/>
  <testcase name="launch" classname="tests.TC004_Search_Validate_Search_Result_Sort" time="0.007">
    <failure type="java.lang.NullPointerException">java.lang.NullPointerException
	at tests.TC004_Search_Validate_Search_Result_Sort.launch(TC004_Search_Validate_Search_Result_Sort.java:14)
</failure>
  </testcase>
  <testcase name="searchWithoutSort" classname="tests.TC004_Search_Validate_Search_Result_Sort" time="0">
    <skipped message="Method TC004_Search_Validate_Search_Result_Sort.searchWithoutSort()[pri:0, instance:tests.TC004_Search_Validate_Search_Result_Sort@26be92ad] depends on not successfully finished methods"/>
  </testcase>
</testsuite>