<?xml version="1.0" encoding="UTF-8"?>
<testng-results skipped="1" failed="1" ignored="2" total="6" passed="2">
  <reporter-output>
  </reporter-output>
  <suite name="Amazon Test Suite" duration-ms="10031" started-at="2020-09-30T20:58:10 ICT" finished-at="2020-09-30T20:58:20 ICT">
    <groups>
    </groups>
    <test name="Amazon - Search function" duration-ms="10031" started-at="2020-09-30T20:58:10 ICT" finished-at="2020-09-30T20:58:20 ICT">
      <class name="tests.TC004_Search_Validate_Search_Result_Sort">
        <test-method status="FAIL" signature="launch()[pri:0, instance:tests.TC004_Search_Validate_Search_Result_Sort@4c70fda8]" name="launch" duration-ms="0" started-at="2020-09-30T20:58:20 ICT" finished-at="2020-09-30T20:58:20 ICT">
          <exception class="java.lang.NullPointerException">
            <full-stacktrace>
              <![CDATA[java.lang.NullPointerException
at tests.TC004_Search_Validate_Search_Result_Sort.launch(TC004_Search_Validate_Search_Result_Sort.java:15)
at sun.reflect.NativeMethodAccessorImpl.invoke0(Native Method)
at sun.reflect.NativeMethodAccessorImpl.invoke(NativeMethodAccessorImpl.java:62)
at sun.reflect.DelegatingMethodAccessorImpl.invoke(DelegatingMethodAccessorImpl.java:43)
at java.lang.reflect.Method.invoke(Method.java:498)
at org.testng.internal.MethodInvocationHelper.invokeMethod(MethodInvocationHelper.java:132)
at org.testng.internal.TestInvoker.invokeMethod(TestInvoker.java:599)
at org.testng.internal.TestInvoker.invokeTestMethod(TestInvoker.java:174)
at org.testng.internal.MethodRunner.runInSequence(MethodRunner.java:46)
at org.testng.internal.TestInvoker$MethodInvocationAgent.invoke(TestInvoker.java:822)
at org.testng.internal.TestInvoker.invokeTestMethods(TestInvoker.java:147)
at org.testng.internal.TestMethodWorker.invokeTestMethods(TestMethodWorker.java:146)
at org.testng.internal.TestMethodWorker.run(TestMethodWorker.java:128)
at java.util.ArrayList.forEach(ArrayList.java:1257)
at org.testng.TestRunner.privateRun(TestRunner.java:764)
at org.testng.TestRunner.run(TestRunner.java:585)
at org.testng.SuiteRunner.runTest(SuiteRunner.java:384)
at org.testng.SuiteRunner.runSequentially(SuiteRunner.java:378)
at org.testng.SuiteRunner.privateRun(SuiteRunner.java:337)
at org.testng.SuiteRunner.run(SuiteRunner.java:286)
at org.testng.SuiteRunnerWorker.runSuite(SuiteRunnerWorker.java:53)
at org.testng.SuiteRunnerWorker.run(SuiteRunnerWorker.java:96)
at org.testng.TestNG.runSuitesSequentially(TestNG.java:1218)
at org.testng.TestNG.runSuitesLocally(TestNG.java:1140)
at org.testng.TestNG.runSuites(TestNG.java:1069)
at org.testng.TestNG.run(TestNG.java:1037)
at org.apache.maven.surefire.testng.TestNGExecutor.run(TestNGExecutor.java:283)
at org.apache.maven.surefire.testng.TestNGXmlTestSuite.execute(TestNGXmlTestSuite.java:75)
at org.apache.maven.surefire.testng.TestNGProvider.invoke(TestNGProvider.java:120)
at org.apache.maven.surefire.booter.ForkedBooter.invokeProviderInSameClassLoader(ForkedBooter.java:384)
at org.apache.maven.surefire.booter.ForkedBooter.runSuitesInProcess(ForkedBooter.java:345)
at org.apache.maven.surefire.booter.ForkedBooter.execute(ForkedBooter.java:126)
at org.apache.maven.surefire.booter.ForkedBooter.main(ForkedBooter.java:418)
]]>
            </full-stacktrace>
          </exception> <!-- java.lang.NullPointerException -->
          <reporter-output>
          </reporter-output>
        </test-method> <!-- launch -->
        <test-method status="SKIP" signature="searchWithoutSort()[pri:0, instance:tests.TC004_Search_Validate_Search_Result_Sort@4c70fda8]" name="searchWithoutSort" duration-ms="0" started-at="2020-09-30T20:58:20 ICT" depends-on-methods="tests.TC004_Search_Validate_Search_Result_Sort.launch" finished-at="2020-09-30T20:58:20 ICT">
          <exception class="java.lang.Throwable">
            <message>
              <![CDATA[Method TC004_Search_Validate_Search_Result_Sort.searchWithoutSort()[pri:0, instance:tests.TC004_Search_Validate_Search_Result_Sort@4c70fda8] depends on not successfully finished methods]]>
            </message>
            <full-stacktrace>
              <![CDATA[java.lang.Throwable: Method TC004_Search_Validate_Search_Result_Sort.searchWithoutSort()[pri:0, instance:tests.TC004_Search_Validate_Search_Result_Sort@4c70fda8] depends on not successfully finished methods
at org.testng.internal.TestInvoker.invokeTestMethods(TestInvoker.java:102)
at org.testng.internal.TestMethodWorker.invokeTestMethods(TestMethodWorker.java:146)
at org.testng.internal.TestMethodWorker.run(TestMethodWorker.java:128)
at java.util.ArrayList.forEach(ArrayList.java:1257)
at org.testng.TestRunner.privateRun(TestRunner.java:764)
at org.testng.TestRunner.run(TestRunner.java:585)
at org.testng.SuiteRunner.runTest(SuiteRunner.java:384)
at org.testng.SuiteRunner.runSequentially(SuiteRunner.java:378)
at org.testng.SuiteRunner.privateRun(SuiteRunner.java:337)
at org.testng.SuiteRunner.run(SuiteRunner.java:286)
at org.testng.SuiteRunnerWorker.runSuite(SuiteRunnerWorker.java:53)
at org.testng.SuiteRunnerWorker.run(SuiteRunnerWorker.java:96)
at org.testng.TestNG.runSuitesSequentially(TestNG.java:1218)
at org.testng.TestNG.runSuitesLocally(TestNG.java:1140)
at org.testng.TestNG.runSuites(TestNG.java:1069)
at org.testng.TestNG.run(TestNG.java:1037)
at org.apache.maven.surefire.testng.TestNGExecutor.run(TestNGExecutor.java:283)
at org.apache.maven.surefire.testng.TestNGXmlTestSuite.execute(TestNGXmlTestSuite.java:75)
at org.apache.maven.surefire.testng.TestNGProvider.invoke(TestNGProvider.java:120)
at org.apache.maven.surefire.booter.ForkedBooter.invokeProviderInSameClassLoader(ForkedBooter.java:384)
at org.apache.maven.surefire.booter.ForkedBooter.runSuitesInProcess(ForkedBooter.java:345)
at org.apache.maven.surefire.booter.ForkedBooter.execute(ForkedBooter.java:126)
at org.apache.maven.surefire.booter.ForkedBooter.main(ForkedBooter.java:418)
]]>
            </full-stacktrace>
          </exception> <!-- java.lang.Throwable -->
          <reporter-output>
          </reporter-output>
        </test-method> <!-- searchWithoutSort -->
      </class> <!-- tests.TC004_Search_Validate_Search_Result_Sort -->
      <class name="tests.TC003_Search_Validate_Search_Result_Pagination">
        <test-method status="PASS" signature="setup(java.lang.String, java.lang.String)[pri:0, instance:tests.TC003_Search_Validate_Search_Result_Pagination@26be92ad]" name="setup" is-config="true" duration-ms="2145" started-at="2020-09-30T20:58:10 ICT" finished-at="2020-09-30T20:58:12 ICT">
          <params>
            <param index="0">
              <value>
                <![CDATA[chrome]]>
              </value>
            </param>
            <param index="1">
              <value>
                <![CDATA[/src/main/resources/data.json]]>
              </value>
            </param>
          </params>
          <reporter-output>
          </reporter-output>
        </test-method> <!-- setup -->
        <test-method status="PASS" signature="launch()[pri:0, instance:tests.TC003_Search_Validate_Search_Result_Pagination@26be92ad]" name="launch" duration-ms="4496" started-at="2020-09-30T20:58:12 ICT" finished-at="2020-09-30T20:58:17 ICT">
          <reporter-output>
          </reporter-output>
        </test-method> <!-- launch -->
        <test-method status="PASS" signature="searchWithoutSort()[pri:0, instance:tests.TC003_Search_Validate_Search_Result_Pagination@26be92ad]" name="searchWithoutSort" duration-ms="3199" started-at="2020-09-30T20:58:17 ICT" depends-on-methods="tests.TC003_Search_Validate_Search_Result_Pagination.launch" finished-at="2020-09-30T20:58:20 ICT">
          <reporter-output>
          </reporter-output>
        </test-method> <!-- searchWithoutSort -->
        <test-method status="PASS" signature="teardown()[pri:0, instance:tests.TC003_Search_Validate_Search_Result_Pagination@26be92ad]" name="teardown" is-config="true" duration-ms="162" started-at="2020-09-30T20:58:20 ICT" finished-at="2020-09-30T20:58:20 ICT">
          <reporter-output>
          </reporter-output>
        </test-method> <!-- teardown -->
      </class> <!-- tests.TC003_Search_Validate_Search_Result_Pagination -->
    </test> <!-- Amazon - Search function -->
  </suite> <!-- Amazon Test Suite -->
</testng-results>
